<?xml version="1.0" encoding="UTF-8"?>
<testng-results ignored="0" total="1" passed="1" failed="0" skipped="0">
  <reporter-output>
  </reporter-output>
  <suite started-at="2023-05-29T16:58:36 IST" name="Default suite" finished-at="2023-05-29T16:59:01 IST" duration-ms="24990">
    <groups>
    </groups>
    <test started-at="2023-05-29T16:58:36 IST" name="Default test" finished-at="2023-05-29T16:59:01 IST" duration-ms="24990">
      <class name="com.effigo.tests.TEST2">
        <test-method signature="test2()[pri:0, instance:com.effigo.tests.TEST2@942a29c]" started-at="2023-05-29T16:58:36 IST" name="test2" finished-at="2023-05-29T16:59:01 IST" duration-ms="24905" status="PASS">
          <reporter-output>
          </reporter-output>
        </test-method> <!-- test2 -->
      </class> <!-- com.effigo.tests.TEST2 -->
    </test> <!-- Default test -->
  </suite> <!-- Default suite -->
</testng-results>
